<?xml version="1.0" encoding="UTF-8"?>
<!-- Generated by org.testng.reporters.JUnitReportReporter -->
<testsuite hostname="CPDK155" failures="0" tests="1" name="StepDefinition.PageFactoryTestRunner" time="17.482" errors="0" timestamp="2024-07-10T18:01:19 IST" skipped="0">
  <testcase classname="StepDefinition.PageFactoryTestRunner" name="runScenario" time="17.482"/>
</testsuite> <!-- StepDefinition.PageFactoryTestRunner -->
