<?xml version="1.0" encoding="UTF-8"?>
<!-- Generated by org.testng.reporters.JUnitReportReporter -->
<testsuite hostname="CPDK155" failures="0" tests="1" name="CucumberTestRunner.PomTestRunner" time="20.952" errors="0" timestamp="2024-07-11T11:09:53 IST" skipped="0">
  <testcase classname="CucumberTestRunner.PomTestRunner" name="runScenario" time="20.952"/>
</testsuite> <!-- CucumberTestRunner.PomTestRunner -->
