<?xml version="1.0" encoding="UTF-8"?>
<!-- Generated by org.testng.reporters.JUnitReportReporter -->
<testsuite hostname="CPDK155" failures="0" tests="1" name="com.TestApp.TestRegisterationPage" time="27.638" errors="0" timestamp="2024-07-10T13:07:32 IST" skipped="0">
  <testcase classname="com.TestApp.TestRegisterationPage" name="testregisteration" time="27.638"/>
</testsuite> <!-- com.TestApp.TestRegisterationPage -->
